::1 - - [Mon, 18 Apr 2022 07:34:33 GMT] "GET / HTTP/1.1" 200 3374 "-" "Mozilla/5.0 (Windows NT 10.0; Win64; x64) AppleWebKit/537.36 (KHTML, like Gecko) Chrome/100.0.4896.75 Safari/537.36 Edg/100.0.1185.36"
::1 - - [Mon, 18 Apr 2022 07:34:33 GMT] "GET /css/header.css HTTP/1.1" 304 - "http://localhost:8000/" "Mozilla/5.0 (Windows NT 10.0; Win64; x64) AppleWebKit/537.36 (KHTML, like Gecko) Chrome/100.0.4896.75 Safari/537.36 Edg/100.0.1185.36"
::1 - - [Mon, 18 Apr 2022 07:34:33 GMT] "GET /css/layout.css HTTP/1.1" 304 - "http://localhost:8000/" "Mozilla/5.0 (Windows NT 10.0; Win64; x64) AppleWebKit/537.36 (KHTML, like Gecko) Chrome/100.0.4896.75 Safari/537.36 Edg/100.0.1185.36"
::1 - - [Mon, 18 Apr 2022 07:34:33 GMT] "GET /css/footer.css HTTP/1.1" 304 - "http://localhost:8000/" "Mozilla/5.0 (Windows NT 10.0; Win64; x64) AppleWebKit/537.36 (KHTML, like Gecko) Chrome/100.0.4896.75 Safari/537.36 Edg/100.0.1185.36"
::1 - - [Mon, 18 Apr 2022 07:34:33 GMT] "GET /css/user_sign_up.css HTTP/1.1" 304 - "http://localhost:8000/" "Mozilla/5.0 (Windows NT 10.0; Win64; x64) AppleWebKit/537.36 (KHTML, like Gecko) Chrome/100.0.4896.75 Safari/537.36 Edg/100.0.1185.36"
::1 - - [Mon, 18 Apr 2022 07:34:33 GMT] "GET /js/home_post_comments.js HTTP/1.1" 304 - "http://localhost:8000/" "Mozilla/5.0 (Windows NT 10.0; Win64; x64) AppleWebKit/537.36 (KHTML, like Gecko) Chrome/100.0.4896.75 Safari/537.36 Edg/100.0.1185.36"
::1 - - [Mon, 18 Apr 2022 07:34:33 GMT] "GET /js/home_posts.js HTTP/1.1" 304 - "http://localhost:8000/" "Mozilla/5.0 (Windows NT 10.0; Win64; x64) AppleWebKit/537.36 (KHTML, like Gecko) Chrome/100.0.4896.75 Safari/537.36 Edg/100.0.1185.36"
::1 - - [Mon, 18 Apr 2022 07:34:33 GMT] "GET /css/home.css HTTP/1.1" 304 - "http://localhost:8000/" "Mozilla/5.0 (Windows NT 10.0; Win64; x64) AppleWebKit/537.36 (KHTML, like Gecko) Chrome/100.0.4896.75 Safari/537.36 Edg/100.0.1185.36"
::1 - - [Mon, 18 Apr 2022 07:34:33 GMT] "GET /js/like_handler.js HTTP/1.1" 304 - "http://localhost:8000/" "Mozilla/5.0 (Windows NT 10.0; Win64; x64) AppleWebKit/537.36 (KHTML, like Gecko) Chrome/100.0.4896.75 Safari/537.36 Edg/100.0.1185.36"
::1 - - [Mon, 18 Apr 2022 07:34:33 GMT] "GET /js/chat_engine.js HTTP/1.1" 304 - "http://localhost:8000/" "Mozilla/5.0 (Windows NT 10.0; Win64; x64) AppleWebKit/537.36 (KHTML, like Gecko) Chrome/100.0.4896.75 Safari/537.36 Edg/100.0.1185.36"
::1 - - [Mon, 18 Apr 2022 07:34:35 GMT] "GET /images/logo.jpg HTTP/1.1" 304 - "http://localhost:8000/css/header.css" "Mozilla/5.0 (Windows NT 10.0; Win64; x64) AppleWebKit/537.36 (KHTML, like Gecko) Chrome/100.0.4896.75 Safari/537.36 Edg/100.0.1185.36"
::1 - - [Mon, 18 Apr 2022 07:34:39 GMT] "GET /users/signIn HTTP/1.1" 304 - "http://localhost:8000/" "Mozilla/5.0 (Windows NT 10.0; Win64; x64) AppleWebKit/537.36 (KHTML, like Gecko) Chrome/100.0.4896.75 Safari/537.36 Edg/100.0.1185.36"
::1 - - [Mon, 18 Apr 2022 07:34:39 GMT] "GET /css/layout.css HTTP/1.1" 304 - "http://localhost:8000/users/signIn" "Mozilla/5.0 (Windows NT 10.0; Win64; x64) AppleWebKit/537.36 (KHTML, like Gecko) Chrome/100.0.4896.75 Safari/537.36 Edg/100.0.1185.36"
::1 - - [Mon, 18 Apr 2022 07:34:39 GMT] "GET /css/header.css HTTP/1.1" 304 - "http://localhost:8000/users/signIn" "Mozilla/5.0 (Windows NT 10.0; Win64; x64) AppleWebKit/537.36 (KHTML, like Gecko) Chrome/100.0.4896.75 Safari/537.36 Edg/100.0.1185.36"
::1 - - [Mon, 18 Apr 2022 07:34:39 GMT] "GET /css/footer.css HTTP/1.1" 304 - "http://localhost:8000/users/signIn" "Mozilla/5.0 (Windows NT 10.0; Win64; x64) AppleWebKit/537.36 (KHTML, like Gecko) Chrome/100.0.4896.75 Safari/537.36 Edg/100.0.1185.36"
::1 - - [Mon, 18 Apr 2022 07:34:39 GMT] "GET /css/user_sign_up.css HTTP/1.1" 304 - "http://localhost:8000/users/signIn" "Mozilla/5.0 (Windows NT 10.0; Win64; x64) AppleWebKit/537.36 (KHTML, like Gecko) Chrome/100.0.4896.75 Safari/537.36 Edg/100.0.1185.36"
::1 - - [Mon, 18 Apr 2022 07:34:39 GMT] "GET /images/friends.jpeg HTTP/1.1" 304 - "http://localhost:8000/css/user_sign_up.css" "Mozilla/5.0 (Windows NT 10.0; Win64; x64) AppleWebKit/537.36 (KHTML, like Gecko) Chrome/100.0.4896.75 Safari/537.36 Edg/100.0.1185.36"
::1 - - [Mon, 18 Apr 2022 07:34:47 GMT] "POST /users/create-session HTTP/1.1" 302 66 "http://localhost:8000/users/signIn" "Mozilla/5.0 (Windows NT 10.0; Win64; x64) AppleWebKit/537.36 (KHTML, like Gecko) Chrome/100.0.4896.75 Safari/537.36 Edg/100.0.1185.36"
::1 - - [Mon, 18 Apr 2022 07:34:47 GMT] "GET /users/home HTTP/1.1" 304 - "http://localhost:8000/users/signIn" "Mozilla/5.0 (Windows NT 10.0; Win64; x64) AppleWebKit/537.36 (KHTML, like Gecko) Chrome/100.0.4896.75 Safari/537.36 Edg/100.0.1185.36"
::1 - - [Mon, 18 Apr 2022 07:34:47 GMT] "GET /css/layout.css HTTP/1.1" 304 - "http://localhost:8000/users/home" "Mozilla/5.0 (Windows NT 10.0; Win64; x64) AppleWebKit/537.36 (KHTML, like Gecko) Chrome/100.0.4896.75 Safari/537.36 Edg/100.0.1185.36"
::1 - - [Mon, 18 Apr 2022 07:34:47 GMT] "GET /css/header.css HTTP/1.1" 304 - "http://localhost:8000/users/home" "Mozilla/5.0 (Windows NT 10.0; Win64; x64) AppleWebKit/537.36 (KHTML, like Gecko) Chrome/100.0.4896.75 Safari/537.36 Edg/100.0.1185.36"
::1 - - [Mon, 18 Apr 2022 07:34:47 GMT] "GET /css/user_sign_up.css HTTP/1.1" 304 - "http://localhost:8000/users/home" "Mozilla/5.0 (Windows NT 10.0; Win64; x64) AppleWebKit/537.36 (KHTML, like Gecko) Chrome/100.0.4896.75 Safari/537.36 Edg/100.0.1185.36"
::1 - - [Mon, 18 Apr 2022 07:34:47 GMT] "GET /css/footer.css HTTP/1.1" 304 - "http://localhost:8000/users/home" "Mozilla/5.0 (Windows NT 10.0; Win64; x64) AppleWebKit/537.36 (KHTML, like Gecko) Chrome/100.0.4896.75 Safari/537.36 Edg/100.0.1185.36"
::1 - - [Mon, 18 Apr 2022 07:34:47 GMT] "GET /css/home.css HTTP/1.1" 304 - "http://localhost:8000/users/home" "Mozilla/5.0 (Windows NT 10.0; Win64; x64) AppleWebKit/537.36 (KHTML, like Gecko) Chrome/100.0.4896.75 Safari/537.36 Edg/100.0.1185.36"
::1 - - [Mon, 18 Apr 2022 07:34:47 GMT] "GET /css/chat.css HTTP/1.1" 304 - "http://localhost:8000/users/home" "Mozilla/5.0 (Windows NT 10.0; Win64; x64) AppleWebKit/537.36 (KHTML, like Gecko) Chrome/100.0.4896.75 Safari/537.36 Edg/100.0.1185.36"
::1 - - [Mon, 18 Apr 2022 07:34:47 GMT] "GET /js/chat_engine.js HTTP/1.1" 304 - "http://localhost:8000/users/home" "Mozilla/5.0 (Windows NT 10.0; Win64; x64) AppleWebKit/537.36 (KHTML, like Gecko) Chrome/100.0.4896.75 Safari/537.36 Edg/100.0.1185.36"
::1 - - [Mon, 18 Apr 2022 07:34:47 GMT] "GET /js/home_post_comments.js HTTP/1.1" 304 - "http://localhost:8000/users/home" "Mozilla/5.0 (Windows NT 10.0; Win64; x64) AppleWebKit/537.36 (KHTML, like Gecko) Chrome/100.0.4896.75 Safari/537.36 Edg/100.0.1185.36"
::1 - - [Mon, 18 Apr 2022 07:34:47 GMT] "GET /js/chat.js HTTP/1.1" 304 - "http://localhost:8000/users/home" "Mozilla/5.0 (Windows NT 10.0; Win64; x64) AppleWebKit/537.36 (KHTML, like Gecko) Chrome/100.0.4896.75 Safari/537.36 Edg/100.0.1185.36"
::1 - - [Mon, 18 Apr 2022 07:34:47 GMT] "GET /js/home_posts.js HTTP/1.1" 304 - "http://localhost:8000/users/home" "Mozilla/5.0 (Windows NT 10.0; Win64; x64) AppleWebKit/537.36 (KHTML, like Gecko) Chrome/100.0.4896.75 Safari/537.36 Edg/100.0.1185.36"
::1 - - [Mon, 18 Apr 2022 07:34:47 GMT] "GET /js/like_handler.js HTTP/1.1" 304 - "http://localhost:8000/users/home" "Mozilla/5.0 (Windows NT 10.0; Win64; x64) AppleWebKit/537.36 (KHTML, like Gecko) Chrome/100.0.4896.75 Safari/537.36 Edg/100.0.1185.36"
::1 - - [Mon, 18 Apr 2022 07:34:56 GMT] "GET /users/profile/625c58f6ea8e8903443f9e8f HTTP/1.1" 200 2406 "http://localhost:8000/users/home" "Mozilla/5.0 (Windows NT 10.0; Win64; x64) AppleWebKit/537.36 (KHTML, like Gecko) Chrome/100.0.4896.75 Safari/537.36 Edg/100.0.1185.36"
::1 - - [Mon, 18 Apr 2022 07:34:56 GMT] "GET /css/layout.css HTTP/1.1" 304 - "http://localhost:8000/users/profile/625c58f6ea8e8903443f9e8f" "Mozilla/5.0 (Windows NT 10.0; Win64; x64) AppleWebKit/537.36 (KHTML, like Gecko) Chrome/100.0.4896.75 Safari/537.36 Edg/100.0.1185.36"
::1 - - [Mon, 18 Apr 2022 07:34:56 GMT] "GET /css/header.css HTTP/1.1" 304 - "http://localhost:8000/users/profile/625c58f6ea8e8903443f9e8f" "Mozilla/5.0 (Windows NT 10.0; Win64; x64) AppleWebKit/537.36 (KHTML, like Gecko) Chrome/100.0.4896.75 Safari/537.36 Edg/100.0.1185.36"
::1 - - [Mon, 18 Apr 2022 07:34:56 GMT] "GET /css/footer.css HTTP/1.1" 304 - "http://localhost:8000/users/profile/625c58f6ea8e8903443f9e8f" "Mozilla/5.0 (Windows NT 10.0; Win64; x64) AppleWebKit/537.36 (KHTML, like Gecko) Chrome/100.0.4896.75 Safari/537.36 Edg/100.0.1185.36"
::1 - - [Mon, 18 Apr 2022 07:34:56 GMT] "GET /css/user_sign_up.css HTTP/1.1" 304 - "http://localhost:8000/users/profile/625c58f6ea8e8903443f9e8f" "Mozilla/5.0 (Windows NT 10.0; Win64; x64) AppleWebKit/537.36 (KHTML, like Gecko) Chrome/100.0.4896.75 Safari/537.36 Edg/100.0.1185.36"
::1 - - [Mon, 18 Apr 2022 07:34:56 GMT] "GET /css/user.css HTTP/1.1" 304 - "http://localhost:8000/users/profile/625c58f6ea8e8903443f9e8f" "Mozilla/5.0 (Windows NT 10.0; Win64; x64) AppleWebKit/537.36 (KHTML, like Gecko) Chrome/100.0.4896.75 Safari/537.36 Edg/100.0.1185.36"
::1 - - [Mon, 18 Apr 2022 07:34:57 GMT] "GET /js/addFriend.js HTTP/1.1" 304 - "http://localhost:8000/users/profile/625c58f6ea8e8903443f9e8f" "Mozilla/5.0 (Windows NT 10.0; Win64; x64) AppleWebKit/537.36 (KHTML, like Gecko) Chrome/100.0.4896.75 Safari/537.36 Edg/100.0.1185.36"
::1 - - [Mon, 18 Apr 2022 09:39:21 GMT] "GET /css/layout.css HTTP/1.1" 304 - "http://localhost:8000/users/home" "Mozilla/5.0 (Windows NT 10.0; Win64; x64) AppleWebKit/537.36 (KHTML, like Gecko) Chrome/100.0.4896.75 Safari/537.36 Edg/100.0.1185.36"
::1 - - [Mon, 18 Apr 2022 09:39:21 GMT] "GET /css/header.css HTTP/1.1" 304 - "http://localhost:8000/users/home" "Mozilla/5.0 (Windows NT 10.0; Win64; x64) AppleWebKit/537.36 (KHTML, like Gecko) Chrome/100.0.4896.75 Safari/537.36 Edg/100.0.1185.36"
::1 - - [Mon, 18 Apr 2022 09:39:21 GMT] "GET /css/footer.css HTTP/1.1" 304 - "http://localhost:8000/users/home" "Mozilla/5.0 (Windows NT 10.0; Win64; x64) AppleWebKit/537.36 (KHTML, like Gecko) Chrome/100.0.4896.75 Safari/537.36 Edg/100.0.1185.36"
::1 - - [Mon, 18 Apr 2022 09:39:21 GMT] "GET /css/user_sign_up.css HTTP/1.1" 304 - "http://localhost:8000/users/home" "Mozilla/5.0 (Windows NT 10.0; Win64; x64) AppleWebKit/537.36 (KHTML, like Gecko) Chrome/100.0.4896.75 Safari/537.36 Edg/100.0.1185.36"
::1 - - [Mon, 18 Apr 2022 09:39:21 GMT] "GET /css/home.css HTTP/1.1" 304 - "http://localhost:8000/users/home" "Mozilla/5.0 (Windows NT 10.0; Win64; x64) AppleWebKit/537.36 (KHTML, like Gecko) Chrome/100.0.4896.75 Safari/537.36 Edg/100.0.1185.36"
::1 - - [Mon, 18 Apr 2022 09:39:21 GMT] "GET /css/chat.css HTTP/1.1" 304 - "http://localhost:8000/users/home" "Mozilla/5.0 (Windows NT 10.0; Win64; x64) AppleWebKit/537.36 (KHTML, like Gecko) Chrome/100.0.4896.75 Safari/537.36 Edg/100.0.1185.36"
::1 - - [Mon, 18 Apr 2022 09:39:21 GMT] "GET /js/chat_engine.js HTTP/1.1" 304 - "http://localhost:8000/users/home" "Mozilla/5.0 (Windows NT 10.0; Win64; x64) AppleWebKit/537.36 (KHTML, like Gecko) Chrome/100.0.4896.75 Safari/537.36 Edg/100.0.1185.36"
::1 - - [Mon, 18 Apr 2022 09:39:21 GMT] "GET /js/chat.js HTTP/1.1" 304 - "http://localhost:8000/users/home" "Mozilla/5.0 (Windows NT 10.0; Win64; x64) AppleWebKit/537.36 (KHTML, like Gecko) Chrome/100.0.4896.75 Safari/537.36 Edg/100.0.1185.36"
::1 - - [Mon, 18 Apr 2022 09:39:21 GMT] "GET /js/home_post_comments.js HTTP/1.1" 304 - "http://localhost:8000/users/home" "Mozilla/5.0 (Windows NT 10.0; Win64; x64) AppleWebKit/537.36 (KHTML, like Gecko) Chrome/100.0.4896.75 Safari/537.36 Edg/100.0.1185.36"
::1 - - [Mon, 18 Apr 2022 09:39:21 GMT] "GET /js/home_posts.js HTTP/1.1" 304 - "http://localhost:8000/users/home" "Mozilla/5.0 (Windows NT 10.0; Win64; x64) AppleWebKit/537.36 (KHTML, like Gecko) Chrome/100.0.4896.75 Safari/537.36 Edg/100.0.1185.36"
::1 - - [Mon, 18 Apr 2022 09:39:21 GMT] "GET /js/like_handler.js HTTP/1.1" 304 - "http://localhost:8000/users/home" "Mozilla/5.0 (Windows NT 10.0; Win64; x64) AppleWebKit/537.36 (KHTML, like Gecko) Chrome/100.0.4896.75 Safari/537.36 Edg/100.0.1185.36"
::1 - - [Mon, 18 Apr 2022 09:39:22 GMT] "GET /images/logo.jpg HTTP/1.1" 304 - "http://localhost:8000/css/header.css" "Mozilla/5.0 (Windows NT 10.0; Win64; x64) AppleWebKit/537.36 (KHTML, like Gecko) Chrome/100.0.4896.75 Safari/537.36 Edg/100.0.1185.36"
